\BOOKMARK [1][-]{section.1}{\376\377\0001\000\040\000I\000n\000t\000r\000o\000d\000u\000c\000t\000i\000o\000n\000:\000\040\000P\000e\000r\000s\000o\000n\000a\000l\000i\000z\000e\000d\000\040\000p\000r\000o\000g\000n\000o\000s\000i\000s\000,\000\040\000t\000r\000e\000a\000t\000m\000e\000n\000t\000,\000\040\000a\000n\000d\000\040\000c\000o\000m\000p\000u\000t\000e\000r\000\040\000a\000l\000g\000o\000r\000i\000t\000h\000m\000s}{}% 1
\BOOKMARK [2][-]{subsection.2}{\376\377\0001\000.\0000\000\040\000P\000r\000o\000l\000o\000g\000u\000e\000:\000\040\000F\000o\000u\000r\000\040\000u\000n\000i\000q\000u\000e\000\040\000p\000a\000t\000i\000e\000n\000t\000s}{section.1}% 2
\BOOKMARK [2][-]{subsection.5}{\376\377\0001\000.\0001\000\040\000A\000s\000s\000i\000s\000t\000i\000v\000e\000\040\000c\000o\000m\000p\000u\000t\000e\000r\000\040\000a\000l\000g\000o\000r\000i\000t\000h\000m\000s\000:\000\040\000p\000e\000r\000s\000o\000n\000a\000l\000i\000z\000e\000d\000\040\000i\000n\000p\000u\000t\000\040\000a\000n\000d\000\040\000o\000u\000t\000p\000u\000t}{section.1}% 3
\BOOKMARK [1][-]{section.27}{\376\377\0002\000\040\000T\000h\000e\000\040\000L\000u\000s\000t\000e\000d\000-\000J\000a\000y\000n\000e\000s\000\040\000m\000a\000c\000h\000i\000n\000e}{}% 4
\BOOKMARK [2][-]{subsection.28}{\376\377\0002\000.\0001\000\040\000U\000n\000d\000e\000r\000l\000y\000i\000n\000g\000\040\000t\000h\000e\000o\000r\000y\000\040\000a\000n\000d\000\040\000c\000h\000a\000r\000a\000c\000t\000e\000r\000i\000s\000t\000i\000c\000s}{section.27}% 5
\BOOKMARK [2][-]{subsection.32}{\376\377\0002\000.\0002\000\040\000I\000n\000t\000u\000i\000t\000i\000v\000e\000\040\000u\000n\000d\000e\000r\000s\000t\000a\000n\000d\000i\000n\000g\000\040\000o\000f\000\040\000t\000h\000e\000\040\000l\000e\000a\000r\000n\000i\000n\000g\000\040\000a\000l\000g\000o\000r\000i\000t\000h\000m}{section.27}% 6
\BOOKMARK [1][-]{section.38}{\376\377\0003\000\040\000E\000x\000a\000m\000p\000l\000e\000\040\000a\000p\000p\000l\000i\000c\000a\000t\000i\000o\000n}{}% 7
\BOOKMARK [2][-]{subsection.44}{\376\377\0003\000.\0000\000\040\000P\000r\000e\000d\000i\000c\000t\000o\000r\000s\000,\000\040\000p\000r\000e\000d\000i\000c\000t\000a\000n\000d\000,\000\040\000a\000n\000d\000\040\000l\000e\000a\000r\000n\000i\000n\000g\000\040\000d\000a\000t\000a\000s\000e\000t}{section.38}% 8
\BOOKMARK [2][-]{subsection.47}{\376\377\0003\000.\0001\000\040\000P\000a\000t\000i\000e\000n\000t\000'\000s\000\040\000c\000l\000i\000n\000i\000c\000a\000l\000\040\000i\000n\000f\000o\000r\000m\000a\000t\000i\000o\000n}{section.38}% 9
\BOOKMARK [2][-]{subsection.52}{\376\377\0003\000.\0002\000\040\000A\000s\000s\000e\000s\000s\000m\000e\000n\000t\000\040\000o\000f\000\040\000r\000e\000l\000e\000v\000a\000n\000t\000\040\000s\000u\000b\000p\000o\000p\000u\000l\000a\000t\000i\000o\000n\000\040\000a\000n\000d\000\040\000a\000u\000x\000i\000l\000i\000a\000r\000y\000\040\000i\000n\000f\000o\000r\000m\000a\000t\000i\000o\000n}{section.38}% 10
\BOOKMARK [3][-]{section*.53}{\376\377\000R\000a\000t\000i\000o\000n\000a\000l\000e}{subsection.52}% 11
\BOOKMARK [3][-]{section*.59}{\376\377\000A\000p\000p\000l\000i\000c\000a\000t\000i\000o\000n\000\040\000t\000o\000\040\000t\000h\000e\000\040\000e\000x\000a\000m\000p\000l\000e\000\040\000s\000t\000u\000d\000y}{subsection.52}% 12
\BOOKMARK [2][-]{subsection.61}{\376\377\0003\000.\0003\000\040\000A\000s\000s\000e\000s\000s\000m\000e\000n\000t\000s\000\040\000o\000f\000\040\000t\000r\000e\000a\000t\000m\000e\000n\000t\000s\000\040\000a\000n\000d\000\040\000b\000e\000n\000e\000f\000i\000t\000s\000;\000\040\000f\000i\000n\000a\000l\000\040\000d\000e\000c\000i\000s\000i\000o\000n}{section.38}% 13
\BOOKMARK [3][-]{section*.62}{\376\377\000R\000a\000t\000i\000o\000n\000a\000l\000e}{subsection.61}% 14
\BOOKMARK [3][-]{section*.64}{\376\377\000A\000p\000p\000l\000i\000c\000a\000t\000i\000o\000n\000\040\000t\000o\000\040\000t\000h\000e\000\040\000e\000x\000a\000m\000p\000l\000e\000\040\000s\000t\000u\000d\000y}{subsection.61}% 15
\BOOKMARK [2][-]{subsection.68}{\376\377\0003\000.\0004\000\040\000A\000d\000d\000i\000t\000i\000o\000n\000a\000l\000\040\000i\000n\000f\000o\000r\000m\000a\000t\000i\000o\000n\000\040\000p\000r\000o\000v\000i\000d\000e\000d\000\040\000b\000y\000\040\000t\000h\000e\000\040\000L\000u\000s\000t\000e\000d\000-\000J\000a\000y\000n\000e\000s\000\040\000m\000a\000c\000h\000i\000n\000e}{section.38}% 16
\BOOKMARK [3][-]{section*.69}{\376\377\000R\000e\000s\000o\000u\000r\000c\000e\000\040\000p\000l\000a\000n\000n\000i\000n\000g}{subsection.68}% 17
\BOOKMARK [3][-]{section*.73}{\376\377\000I\000m\000p\000u\000t\000a\000t\000i\000o\000n\000\040\000o\000f\000\040\000m\000i\000s\000s\000i\000n\000g\000\040\000d\000a\000t\000a}{subsection.68}% 18
\BOOKMARK [3][-]{section*.74}{\376\377\000S\000e\000n\000s\000i\000t\000i\000v\000i\000t\000y\000\040\000c\000h\000e\000c\000k\000s}{subsection.68}% 19
\BOOKMARK [3][-]{section*.76}{\376\377\000P\000r\000e\000d\000i\000c\000t\000o\000r\000\040\000i\000m\000p\000o\000r\000t\000a\000n\000c\000e}{subsection.68}% 20
\BOOKMARK [1][-]{section.81}{\376\377\0004\000\040\000D\000i\000s\000c\000u\000s\000s\000i\000o\000n}{}% 21
\BOOKMARK [2][-]{subsection.82}{\376\377\0004\000.\0001\000\040\000C\000o\000u\000n\000t\000e\000r\000s\000\040\000t\000o\000\040\000p\000o\000s\000s\000i\000b\000l\000e\000\040\000c\000r\000i\000t\000i\000q\000u\000e\000s}{section.81}% 22
\BOOKMARK [2][-]{subsection.84}{\376\377\0004\000.\0002\000\040\000R\000a\000n\000g\000e\000\040\000o\000f\000\040\000a\000p\000p\000l\000i\000c\000a\000t\000i\000o\000n\000\040\000o\000f\000\040\000L\000u\000s\000t\000e\000d\000-\000J\000a\000y\000n\000e\000s\000\040\000m\000a\000c\000h\000i\000n\000e\000s}{section.81}% 23
\BOOKMARK [1][-]{appendix.85}{\376\377\000A\000\040\000F\000u\000r\000t\000h\000e\000r\000\040\000m\000a\000t\000h\000e\000m\000a\000t\000i\000c\000a\000l\000\040\000a\000n\000d\000\040\000c\000o\000m\000p\000u\000t\000a\000t\000i\000o\000n\000a\000l\000\040\000d\000e\000t\000a\000i\000l\000s\000\040\000a\000b\000o\000u\000t\000\040\000t\000h\000e\000\040\000e\000x\000a\000m\000p\000l\000e\000\040\000a\000p\000p\000l\000i\000c\000a\000t\000i\000o\000n\000\040\000o\000f\000\040\000t\000h\000e\000\040\000L\000u\000s\000t\000e\000d\000-\000J\000a\000y\000n\000e\000s\000\040\000m\000a\000c\000h\000i\000n\000e}{}% 24
