\BOOKMARK [1][-]{section.1}{Each patient is unique}{}% 1
\BOOKMARK [1][-]{section.2}{notecolour210 Practical example}{}% 2
\BOOKMARK [2][-]{subsection.2.1}{Learning}{section.2}% 3
\BOOKMARK [2][-]{subsection.2.2}{Population assessment and prior probability}{section.2}% 4
\BOOKMARK [2][-]{subsection.2.3}{Likelihood and posterior probability}{section.2}% 5
\BOOKMARK [2][-]{subsection.2.4}{Benefit assessments}{section.2}% 6
\BOOKMARK [2][-]{subsection.2.5}{Maximization of expected benefit}{section.2}% 7
\BOOKMARK [1][-]{section.3}{Discussion}{}% 8
\BOOKMARK [1][-]{section.4}{Article types}{}% 9
\BOOKMARK [1][-]{section.5}{Manuscript Formatting}{}% 10
\BOOKMARK [2][-]{subsection.5.1}{Heading Levels}{section.5}% 11
\BOOKMARK [2][-]{subsection.5.2}{Level 2}{section.5}% 12
\BOOKMARK [3][-]{subsubsection.5.2.1}{Level 3}{subsection.5.2}% 13
\BOOKMARK [4][-]{paragraph.5.2.1.1}{Level 4}{subsubsection.5.2.1}% 14
\BOOKMARK [2][-]{subsection.5.3}{Equations}{section.5}% 15
\BOOKMARK [2][-]{subsection.5.4}{Figures}{section.5}% 16
\BOOKMARK [3][-]{subsubsection.5.4.1}{Permission to Reuse and Copyright}{subsection.5.4}% 17
\BOOKMARK [2][-]{subsection.5.5}{Tables}{section.5}% 18
\BOOKMARK [1][-]{section.6}{Nomenclature}{}% 19
\BOOKMARK [2][-]{subsection.6.1}{Resource Identification Initiative}{section.6}% 20
\BOOKMARK [2][-]{subsection.6.2}{Life Science Identifiers}{section.6}% 21
\BOOKMARK [1][-]{section.7}{Additional Requirements}{}% 22
